C:\USERS\TUMOS\DESKTOP\Курсовая С++\Курсовая (последний вариант) — копия\RELEASE\Курсовая.EXE
C:\USERS\TUMOS\DESKTOP\КУРСОВАЯ С++\КУРСОВАЯ (ПОСЛЕДНИЙ ВАРИАНТ) — КОПИЯ\RELEASE\КУРСОВАЯ.PDB
C:\USERS\TUMOS\DESKTOP\Курсовая С++\Курсовая (последний вариант) — копия\Курсовая\RELEASE\.NETFRAMEWORK,VERSION=V4.0.ASSEMBLYATTRIBUTES.OBJ
C:\USERS\TUMOS\DESKTOP\Курсовая С++\Курсовая (последний вариант) — копия\Курсовая\RELEASE\APP.RES
C:\USERS\TUMOS\DESKTOP\Курсовая С++\Курсовая (последний вариант) — копия\Курсовая\RELEASE\ASSEMBLYINFO.OBJ
C:\Users\tumos\Desktop\Курсовая С++\Курсовая (последний вариант) — копия\Курсовая\Release\cl.command.1.tlog
C:\Users\tumos\Desktop\Курсовая С++\Курсовая (последний вариант) — копия\Курсовая\Release\CL.read.1.tlog
C:\Users\tumos\Desktop\Курсовая С++\Курсовая (последний вариант) — копия\Курсовая\Release\CL.write.1.tlog
C:\Users\tumos\Desktop\Курсовая С++\Курсовая (последний вариант) — копия\Курсовая\Release\link.command.1.tlog
C:\Users\tumos\Desktop\Курсовая С++\Курсовая (последний вариант) — копия\Курсовая\Release\link.read.1.tlog
C:\Users\tumos\Desktop\Курсовая С++\Курсовая (последний вариант) — копия\Курсовая\Release\link.write.1.tlog
C:\Users\tumos\Desktop\Курсовая С++\Курсовая (последний вариант) — копия\Курсовая\Release\link-cvtres.read.1.tlog
C:\Users\tumos\Desktop\Курсовая С++\Курсовая (последний вариант) — копия\Курсовая\Release\link-cvtres.write.1.tlog
C:\Users\tumos\Desktop\Курсовая С++\Курсовая (последний вариант) — копия\Курсовая\Release\mt.command.1.tlog
C:\Users\tumos\Desktop\Курсовая С++\Курсовая (последний вариант) — копия\Курсовая\Release\mt.read.1.tlog
C:\Users\tumos\Desktop\Курсовая С++\Курсовая (последний вариант) — копия\Курсовая\Release\mt.write.1.tlog
C:\Users\tumos\Desktop\Курсовая С++\Курсовая (последний вариант) — копия\Курсовая\Release\rc.command.1.tlog
C:\Users\tumos\Desktop\Курсовая С++\Курсовая (последний вариант) — копия\Курсовая\Release\rc.read.1.tlog
C:\Users\tumos\Desktop\Курсовая С++\Курсовая (последний вариант) — копия\Курсовая\Release\rc.write.1.tlog
C:\USERS\TUMOS\DESKTOP\Курсовая С++\Курсовая (последний вариант) — копия\Курсовая\RELEASE\STDAFX.OBJ
C:\USERS\TUMOS\DESKTOP\Курсовая С++\Курсовая (последний вариант) — копия\Курсовая\RELEASE\USERHELP.OBJ
C:\USERS\TUMOS\DESKTOP\КУРСОВАЯ С++\КУРСОВАЯ (ПОСЛЕДНИЙ ВАРИАНТ) — КОПИЯ\КУРСОВАЯ\RELEASE\VC100.PDB
C:\USERS\TUMOS\DESKTOP\Курсовая С++\Курсовая (последний вариант) — копия\Курсовая\RELEASE\Курсовая.EXE.INTERMEDIATE.MANIFEST
C:\Users\tumos\Desktop\Курсовая С++\Курсовая (последний вариант) — копия\Курсовая\Release\Курсовая.Form1.resources
C:\USERS\TUMOS\DESKTOP\Курсовая С++\Курсовая (последний вариант) — копия\Курсовая\RELEASE\Курсовая.OBJ
C:\USERS\TUMOS\DESKTOP\Курсовая С++\Курсовая (последний вариант) — копия\Курсовая\RELEASE\Курсовая.PCH
C:\Users\tumos\Desktop\Курсовая С++\Курсовая (последний вариант) — копия\Курсовая\Release\Курсовая.UserHelp.resources
C:\Users\tumos\Desktop\Курсовая С++\Курсовая (последний вариант) — копия\Курсовая\Release\Курсовая.vcxproj.GenerateResource.Cache
C:\Users\tumos\Desktop\Курсовая С++\Курсовая (последний вариант) — копия\Курсовая\Release\Курсовая.vcxprojResolveAssemblyReference.cache
C:\Users\tumos\Desktop\Курсовая С++\Курсовая (последний вариант) — копия\Курсовая\Release\Курсовая.write.1.tlog
