Построение начато 30.04.2023 16:09:57.
     1>Проект "C:\Users\tumos\Desktop\Курсовая С++\Курсовая (последний вариант) — копия\Курсовая\Курсовая.vcxproj" в узле 2 (целевые объекты build).
     1>InitializeBuildStatus:
         Создание "Debug\Курсовая.unsuccessfulbuild", так как было задано "AlwaysCreate".
       GenerateTargetFrameworkMonikerAttribute:
       Целевой объект "GenerateTargetFrameworkMonikerAttribute" пропускается, так как все выходные файлы актуальны по отношению к входным.
       ClCompile:
         Для всех выходных данных обновления не требуется.
         d:\Install\Visual Studio 2010\VC\bin\CL.exe /c /AI"C:\Program Files (x86)\Reference Assemblies\Microsoft\Framework\.NETFramework\v4.0" /Zi /clr:pure /nologo /W3 /WX- /Od /Oy- /D WIN32 /D _DEBUG /D _UNICODE /D UNICODE /EHa /MDd /GS /fp:precise /Zc:wchar_t /Zc:forScope /Yu"StdAfx.h" /Fp"Debug\Курсовая.pch" /Fo"Debug\\" /Fd"Debug\vc100.pdb" /TP /FU"C:\Program Files (x86)\Reference Assemblies\Microsoft\Framework\.NETFramework\v4.0\System.Core.dll" /FU"C:\Program Files (x86)\Reference Assemblies\Microsoft\Framework\.NETFramework\v4.0\System.Data.dll" /FU"C:\Program Files (x86)\Reference Assemblies\Microsoft\Framework\.NETFramework\v4.0\System.dll" /FU"C:\Program Files (x86)\Reference Assemblies\Microsoft\Framework\.NETFramework\v4.0\System.Drawing.dll" /FU"C:\Program Files (x86)\Reference Assemblies\Microsoft\Framework\.NETFramework\v4.0\System.Windows.Forms.dll" /FU"C:\Program Files (x86)\Reference Assemblies\Microsoft\Framework\.NETFramework\v4.0\System.Xml.dll" /analyze- /errorReport:prompt "Курсовая.cpp" /clr:nostdlib 
         Курсовая.cpp
         Для всех выходных данных обновления не требуется.
       CoreResGen:
         "C:\Program Files (x86)\Microsoft SDKs\Windows\v7.0A\bin\NETFX 4.0 Tools\resgen.exe" /useSourcePath /r:"C:\Program Files (x86)\Reference Assemblies\Microsoft\Framework\.NETFramework\v4.0\System.Core.dll" /r:"C:\Program Files (x86)\Reference Assemblies\Microsoft\Framework\.NETFramework\v4.0\System.Data.dll" /r:"C:\Program Files (x86)\Reference Assemblies\Microsoft\Framework\.NETFramework\v4.0\System.dll" /r:"C:\Program Files (x86)\Reference Assemblies\Microsoft\Framework\.NETFramework\v4.0\System.Drawing.dll" /r:"C:\Program Files (x86)\Reference Assemblies\Microsoft\Framework\.NETFramework\v4.0\System.Windows.Forms.dll" /r:"C:\Program Files (x86)\Reference Assemblies\Microsoft\Framework\.NETFramework\v4.0\System.Xml.dll" /compile Form1.resX,"Debug\Курсовая.Form1.resources"
         Обрабатывается файл ресурсов "Form1.resX", результирующий объект: "Debug\Курсовая.Form1.resources".
       ResourceCompile:
         Для всех выходных данных обновления не требуется.
       Link:
         d:\Install\Visual Studio 2010\VC\bin\link.exe /ERRORREPORT:PROMPT /OUT:"C:\Users\tumos\Desktop\Курсовая С++\Курсовая (последний вариант) — копия\Debug\Курсовая.exe" /INCREMENTAL /NOLOGO /ASSEMBLYRESOURCE:"Debug\Курсовая.Form1.resources" /ASSEMBLYRESOURCE:"Debug\Курсовая.UserHelp.resources" /MANIFEST /ManifestFile:"Debug\Курсовая.exe.intermediate.manifest" /MANIFESTUAC:"level='asInvoker' uiAccess='false'" /DEBUG /PDB:"C:\Users\tumos\Desktop\Курсовая С++\Курсовая (последний вариант) — копия\Debug\Курсовая.pdb" /ASSEMBLYDEBUG /SUBSYSTEM:WINDOWS /TLBID:1 /ENTRY:"main" /DYNAMICBASE /FIXED:NO /NXCOMPAT /MACHINE:X86 Debug\app.res
         Debug\AssemblyInfo.obj
         Debug\stdafx.obj
         Debug\UserHelp.obj
         "Debug\Курсовая.obj"
         "Debug\.NETFramework,Version=v4.0.AssemblyAttributes.obj"
         Курсовая.vcxproj -> C:\Users\tumos\Desktop\Курсовая С++\Курсовая (последний вариант) — копия\Debug\Курсовая.exe
       Manifest:
         C:\Program Files (x86)\Microsoft SDKs\Windows\v7.0A\bin\mt.exe /nologo /verbose /outputresource:"C:\Users\tumos\Desktop\Курсовая С++\Курсовая (последний вариант) — копия\Debug\Курсовая.exe;#1" /manifest "Debug\Курсовая.exe.intermediate.manifest"
       FinalizeBuildStatus:
         Файл "Debug\Курсовая.unsuccessfulbuild" удаляется.
         Обращение к "Debug\Курсовая.lastbuildstate".
     1>Построение проекта "C:\Users\tumos\Desktop\Курсовая С++\Курсовая (последний вариант) — копия\Курсовая\Курсовая.vcxproj" завершено (целевые объекты build).

Построение успешно завершено.

Затраченное время: 00:00:04.96
